#
# There is insufficient memory for the Java Runtime Environment to continue.
# Native memory allocation (malloc) failed to allocate 103680 bytes. Error detail: Chunk::new
# Possible reasons:
#   The system is out of physical RAM or swap space
#   This process is running with CompressedOops enabled, and the Java Heap may be blocking the growth of the native heap
# Possible solutions:
#   Reduce memory load on the system
#   Increase physical memory or swap space
#   Check if swap backing store is full
#   Decrease Java heap size (-Xmx/-Xms)
#   Decrease number of Java threads
#   Decrease Java thread stack sizes (-Xss)
#   Set larger code cache with -XX:ReservedCodeCacheSize=
#   JVM is running with Unscaled Compressed Oops mode in which the Java heap is
#     placed in the first 4GB address space. The Java Heap base address is the
#     maximum limit for the native heap growth. Please use -XX:HeapBaseMinAddress
#     to set the Java Heap base and to place the Java Heap above 4GB virtual address.
# This output file may be truncated or incomplete.
#
#  Out of Memory Error (arena.cpp:168), pid=26668, tid=16796
#
# JRE version: OpenJDK Runtime Environment Temurin-21.0.9+10 (21.0.9+10) (build 21.0.9+10-LTS)
# Java VM: OpenJDK 64-Bit Server VM Temurin-21.0.9+10 (21.0.9+10-LTS, mixed mode, sharing, tiered, compressed oops, compressed class ptrs, parallel gc, windows-amd64)
# No core dump will be written. Minidumps are not enabled by default on client versions of Windows
#

---------------  S U M M A R Y ------------

Command Line: --add-modules=ALL-SYSTEM --add-opens=java.base/java.util=ALL-UNNAMED --add-opens=java.base/java.lang=ALL-UNNAMED --add-opens=java.base/sun.nio.fs=ALL-UNNAMED -Declipse.application=org.eclipse.jdt.ls.core.id1 -Dosgi.bundles.defaultStartLevel=4 -Declipse.product=org.eclipse.jdt.ls.core.product -Djava.import.generatesMetadataFilesAtProjectRoot=false -DDetectVMInstallationsJob.disabled=true -Dfile.encoding=utf8 -XX:+UseParallelGC -XX:GCTimeRatio=4 -XX:AdaptiveSizePolicyWeight=90 -Dsun.zip.disableMemoryMapping=true -Xmx2G -Xms100m -Xlog:disable -javaagent:c:\Users\ADMIN\.vscode\extensions\redhat.java-1.51.0-win32-x64\lombok\lombok-1.18.39-4050.jar c:\Users\ADMIN\.vscode\extensions\redhat.java-1.51.0-win32-x64\server\plugins\org.eclipse.equinox.launcher_1.7.100.v20251111-0406.jar -configuration c:\Users\ADMIN\AppData\Roaming\Code\User\globalStorage\redhat.java\1.51.0\config_ss_win -data c:\Users\ADMIN\AppData\Roaming\Code\User\workspaceStorage\2b70bb008f7c289c649cb4dc9f856410\redhat.java\ss_ws --pipe=\\.\pipe\lsp-297ca7b2153138c0ccdf34515461dba2-sock

Host: AMD Ryzen 5 5500U with Radeon Graphics         , 12 cores, 15G,  Windows 11 , 64 bit Build 26100 (10.0.26100.7309)
Time: Thu Jan 15 11:57:06 2026 SE Asia Standard Time elapsed time: 3.085763 seconds (0d 0h 0m 3s)

---------------  T H R E A D  ---------------

Current thread (0x00000248214c2fd0):  JavaThread "C2 CompilerThread2" daemon [_thread_in_native, id=16796, stack(0x000000adf9300000,0x000000adf9400000) (1024K)]


Current CompileTask:
C2:3085 1299       4       java.io.DataInputStream::readFully (59 bytes)

Stack: [0x000000adf9300000,0x000000adf9400000]
Native frames: (J=compiled Java code, j=interpreted, Vv=VM code, C=native code)
V  [jvm.dll+0x6d6e29]
V  [jvm.dll+0x8b4b76]
V  [jvm.dll+0x8b712e]
V  [jvm.dll+0x8b7813]
V  [jvm.dll+0x283d86]
V  [jvm.dll+0xc66ed]
V  [jvm.dll+0xc6c31]
V  [jvm.dll+0x3be53b]
V  [jvm.dll+0x1e39b4]
V  [jvm.dll+0x24c0f3]
V  [jvm.dll+0x24b580]
V  [jvm.dll+0x1cb13e]
V  [jvm.dll+0x25b29d]
V  [jvm.dll+0x25982a]
V  [jvm.dll+0x3f7ea6]
V  [jvm.dll+0x85e9ad]
V  [jvm.dll+0x6d565d]
C  [ucrtbase.dll+0x37b0]
C  [KERNEL32.DLL+0x2e8d7]
C  [ntdll.dll+0x8c53c]


---------------  P R O C E S S  ---------------

Threads class SMR info:
_java_thread_list=0x00000248214b7a60, length=13, elements={
0x00000247c2ebb080, 0x000002481c8704a0, 0x000002481c872940, 0x000002481c875d60,
0x000002481c878a20, 0x000002481c87cdd0, 0x000002481c882380, 0x000002481c8b40c0,
0x000002481c8b4f00, 0x000002481caed4b0, 0x000002481cb1f310, 0x000002482106ff20,
0x00000248214c2fd0
}

Java Threads: ( => current thread )
  0x00000247c2ebb080 JavaThread "main"                              [_thread_in_native, id=15580, stack(0x000000adf8400000,0x000000adf8500000) (1024K)]
  0x000002481c8704a0 JavaThread "Reference Handler"          daemon [_thread_blocked, id=13232, stack(0x000000adf8800000,0x000000adf8900000) (1024K)]
  0x000002481c872940 JavaThread "Finalizer"                  daemon [_thread_blocked, id=27584, stack(0x000000adf8900000,0x000000adf8a00000) (1024K)]
  0x000002481c875d60 JavaThread "Signal Dispatcher"          daemon [_thread_blocked, id=7336, stack(0x000000adf8a00000,0x000000adf8b00000) (1024K)]
  0x000002481c878a20 JavaThread "Attach Listener"            daemon [_thread_blocked, id=15000, stack(0x000000adf8b00000,0x000000adf8c00000) (1024K)]
  0x000002481c87cdd0 JavaThread "Service Thread"             daemon [_thread_blocked, id=20880, stack(0x000000adf8c00000,0x000000adf8d00000) (1024K)]
  0x000002481c882380 JavaThread "Monitor Deflation Thread"   daemon [_thread_blocked, id=26804, stack(0x000000adf8d00000,0x000000adf8e00000) (1024K)]
  0x000002481c8b40c0 JavaThread "C2 CompilerThread0"         daemon [_thread_in_native, id=14848, stack(0x000000adf8e00000,0x000000adf8f00000) (1024K)]
  0x000002481c8b4f00 JavaThread "C1 CompilerThread0"         daemon [_thread_blocked, id=23344, stack(0x000000adf8f00000,0x000000adf9000000) (1024K)]
  0x000002481caed4b0 JavaThread "Common-Cleaner"             daemon [_thread_blocked, id=29036, stack(0x000000adf9000000,0x000000adf9100000) (1024K)]
  0x000002481cb1f310 JavaThread "C2 CompilerThread1"         daemon [_thread_in_native, id=20868, stack(0x000000adf9100000,0x000000adf9200000) (1024K)]
  0x000002482106ff20 JavaThread "Notification Thread"        daemon [_thread_blocked, id=21512, stack(0x000000adf9200000,0x000000adf9300000) (1024K)]
=>0x00000248214c2fd0 JavaThread "C2 CompilerThread2"         daemon [_thread_in_native, id=16796, stack(0x000000adf9300000,0x000000adf9400000) (1024K)]
Total: 13

Other Threads:
  0x00000247d9954830 VMThread "VM Thread"                           [id=15692, stack(0x000000adf8700000,0x000000adf8800000) (1024K)]
  0x00000247d984ba00 WatcherThread "VM Periodic Task Thread"        [id=3948, stack(0x000000adf8600000,0x000000adf8700000) (1024K)]
  0x00000247c2ed9600 WorkerThread "GC Thread#0"                     [id=1272, stack(0x000000adf8500000,0x000000adf8600000) (1024K)]
  0x000002482148c130 WorkerThread "GC Thread#1"                     [id=23904, stack(0x000000adf9400000,0x000000adf9500000) (1024K)]
  0x00000248216ee0e0 WorkerThread "GC Thread#2"                     [id=3628, stack(0x000000adf9500000,0x000000adf9600000) (1024K)]
  0x000002482148c4d0 WorkerThread "GC Thread#3"                     [id=17964, stack(0x000000adf9600000,0x000000adf9700000) (1024K)]
  0x00000248213cbe00 WorkerThread "GC Thread#4"                     [id=23756, stack(0x000000adf9700000,0x000000adf9800000) (1024K)]
  0x00000248213cc1a0 WorkerThread "GC Thread#5"                     [id=10832, stack(0x000000adf9800000,0x000000adf9900000) (1024K)]
  0x00000248213cc540 WorkerThread "GC Thread#6"                     [id=6952, stack(0x000000adf9900000,0x000000adf9a00000) (1024K)]
Total: 9

Threads with active compile tasks:
C2 CompilerThread0  3112 1300   !   4       java.io.BufferedInputStream::read (69 bytes)
C2 CompilerThread1  3112 1284       4       java.io.DataInputStream::readUTF (501 bytes)
C2 CompilerThread2  3112 1299       4       java.io.DataInputStream::readFully (59 bytes)
Total: 3

VM state: not at safepoint (normal execution)

VM Mutex/Monitor currently owned by a thread: None

Heap address: 0x0000000080000000, size: 2048 MB, Compressed Oops mode: 32-bit

CDS archive(s) mapped at: [0x00000247da000000-0x00000247daba0000-0x00000247daba0000), size 12189696, SharedBaseAddress: 0x00000247da000000, ArchiveRelocationMode: 1.
Compressed class space mapped at: 0x00000247db000000-0x000002481b000000, reserved size: 1073741824
Narrow klass base: 0x00000247da000000, Narrow klass shift: 0, Narrow klass range: 0x100000000

GC Precious Log:
 CardTable entry size: 512
 CPUs: 12 total, 12 available
 Memory: 15720M
 Large Page Support: Disabled
 NUMA Support: Disabled
 Compressed Oops: Enabled (32-bit)
 Alignments: Space 512K, Generation 512K, Heap 2M
 Heap Min Capacity: 100M
 Heap Initial Capacity: 100M
 Heap Max Capacity: 2G
 Pre-touch: Disabled
 Parallel Workers: 10

Heap:
 PSYoungGen      total 29696K, used 11214K [0x00000000d5580000, 0x00000000d7680000, 0x0000000100000000)
  eden space 25600K, 30% used [0x00000000d5580000,0x00000000d5d3db68,0x00000000d6e80000)
  from space 4096K, 80% used [0x00000000d6e80000,0x00000000d71b5ea8,0x00000000d7280000)
  to   space 4096K, 0% used [0x00000000d7280000,0x00000000d7280000,0x00000000d7680000)
 ParOldGen       total 68608K, used 16K [0x0000000080000000, 0x0000000084300000, 0x00000000d5580000)
  object space 68608K, 0% used [0x0000000080000000,0x0000000080004000,0x0000000084300000)
 Metaspace       used 5924K, committed 6208K, reserved 1114112K
  class space    used 616K, committed 768K, reserved 1048576K

Card table byte_map: [0x00000247c2860000,0x00000247c2c70000] _byte_map_base: 0x00000247c2460000

Marking Bits: (ParMarkBitMap*) 0x00007ffafdd32460
 Begin Bits: [0x00000247d5370000, 0x00000247d7370000)
 End Bits:   [0x00000247d7370000, 0x00000247d9370000)

Polling page: 0x00000247c0b30000

Metaspace:

Usage:
  Non-class:      5.18 MB used.
      Class:    616.28 KB used.
       Both:      5.79 MB used.

Virtual space:
  Non-class space:       64.00 MB reserved,       5.31 MB (  8%) committed,  1 nodes.
      Class space:        1.00 GB reserved,     768.00 KB ( <1%) committed,  1 nodes.
             Both:        1.06 GB reserved,       6.06 MB ( <1%) committed. 

Chunk freelists:
   Non-Class:  10.12 MB
       Class:  15.08 MB
        Both:  25.20 MB

MaxMetaspaceSize: unlimited
CompressedClassSpaceSize: 1.00 GB
Initial GC threshold: 21.00 MB
Current GC threshold: 21.00 MB
CDS: on
 - commit_granule_bytes: 65536.
 - commit_granule_words: 8192.
 - virtual_space_node_default_size: 8388608.
 - enlarge_chunks_in_place: 1.
 - use_allocation_guard: 0.


Internal statistics:

num_allocs_failed_limit: 0.
num_arena_births: 190.
num_arena_deaths: 0.
num_vsnodes_births: 2.
num_vsnodes_deaths: 0.
num_space_committed: 97.
num_space_uncommitted: 0.
num_chunks_returned_to_freelist: 0.
num_chunks_taken_from_freelist: 311.
num_chunk_merges: 0.
num_chunk_splits: 198.
num_chunks_enlarged: 124.
num_inconsistent_stats: 0.

CodeHeap 'non-profiled nmethods': size=120000Kb used=500Kb max_used=500Kb free=119499Kb
 bounds [0x00000247cdb90000, 0x00000247cde00000, 0x00000247d50c0000]
CodeHeap 'profiled nmethods': size=120000Kb used=2204Kb max_used=2204Kb free=117795Kb
 bounds [0x00000247c60c0000, 0x00000247c6330000, 0x00000247cd5f0000]
CodeHeap 'non-nmethods': size=5760Kb used=1207Kb max_used=1233Kb free=4553Kb
 bounds [0x00000247cd5f0000, 0x00000247cd860000, 0x00000247cdb90000]
CodeCache: size=245760Kb, used=3911Kb, max_used=3937Kb, free=241847Kb
 total_blobs=1783, nmethods=1313, adapters=377, full_count=0
Compilation: enabled, stopped_count=0, restarted_count=0

Compilation events (20 events):
Event: 1.071 Thread 0x000002481c8b4f00 1306       3       java.util.Collections::unmodifiableMap (22 bytes)
Event: 1.071 Thread 0x000002481c8b4f00 nmethod 1306 0x00000247c62dc710 code [0x00000247c62dc900, 0x00000247c62dcd50]
Event: 1.071 Thread 0x000002481c8b4f00 1309       3       java.util.Collections$UnmodifiableMap::<init> (22 bytes)
Event: 1.071 Thread 0x000002481c8b4f00 nmethod 1309 0x00000247c62dcf10 code [0x00000247c62dd0c0, 0x00000247c62dd340]
Event: 1.071 Thread 0x000002481c8b4f00 1312       3       org.eclipse.osgi.container.ModuleDatabase$Persistence::readListValue (97 bytes)
Event: 1.073 Thread 0x000002481c8b4f00 nmethod 1312 0x00000247c62dd490 code [0x00000247c62dd820, 0x00000247c62dedc0]
Event: 1.073 Thread 0x000002481c8b4f00 1289       2       java.io.DataInputStream::readByte (6 bytes)
Event: 1.073 Thread 0x000002481c8b4f00 nmethod 1289 0x00000247c62df490 code [0x00000247c62df640, 0x00000247c62df7e8]
Event: 1.073 Thread 0x000002481c8b4f00 1286       2       jdk.internal.util.ByteArray::getInt (9 bytes)
Event: 1.074 Thread 0x000002481c8b4f00 nmethod 1286 0x00000247c62df910 code [0x00000247c62dfac0, 0x00000247c62dfc38]
Event: 1.074 Thread 0x000002481c8b4f00 1288       2       org.eclipse.osgi.container.ModuleDatabase$Persistence::readString0 (98 bytes)
Event: 1.075 Thread 0x000002481c8b4f00 nmethod 1288 0x00000247c62dfe10 code [0x00000247c62e0080, 0x00000247c62e06b8]
Event: 1.076 Thread 0x000002481c8b4f00 1281       3       java.lang.Short::toUnsignedInt (5 bytes)
Event: 1.076 Thread 0x000002481c8b4f00 nmethod 1281 0x00000247c62e0b90 code [0x00000247c62e0d20, 0x00000247c62e0e18]
Event: 1.076 Thread 0x000002481c8b40c0 nmethod 1301 0x00000247cdc0a010 code [0x00000247cdc0a240, 0x00000247cdc0aa38]
Event: 1.076 Thread 0x000002481c8b40c0 1313       4       jdk.internal.misc.Unsafe::getIntUnaligned (12 bytes)
Event: 1.077 Thread 0x000002481c8b40c0 nmethod 1313 0x00000247cdc0b110 code [0x00000247cdc0b2a0, 0x00000247cdc0b358]
Event: 1.077 Thread 0x000002481c8b40c0 1292       4       java.util.concurrent.locks.ReentrantLock$Sync::tryRelease (51 bytes)
Event: 1.077 Thread 0x000002481c8b40c0 nmethod 1292 0x00000247cdc0b410 code [0x00000247cdc0b5a0, 0x00000247cdc0b690]
Event: 1.078 Thread 0x000002481c8b40c0 1293       4       java.util.concurrent.locks.ReentrantLock$NonfairSync::initialTryLock (58 bytes)

GC Heap History (2 events):
Event: 0.844 GC heap before
{Heap before GC invocations=1 (full 0):
 PSYoungGen      total 29696K, used 25600K [0x00000000d5580000, 0x00000000d7680000, 0x0000000100000000)
  eden space 25600K, 100% used [0x00000000d5580000,0x00000000d6e80000,0x00000000d6e80000)
  from space 4096K, 0% used [0x00000000d7280000,0x00000000d7280000,0x00000000d7680000)
  to   space 4096K, 0% used [0x00000000d6e80000,0x00000000d6e80000,0x00000000d7280000)
 ParOldGen       total 68608K, used 0K [0x0000000080000000, 0x0000000084300000, 0x00000000d5580000)
  object space 68608K, 0% used [0x0000000080000000,0x0000000080000000,0x0000000084300000)
 Metaspace       used 4336K, committed 4608K, reserved 1114112K
  class space    used 472K, committed 576K, reserved 1048576K
}
Event: 0.853 GC heap after
{Heap after GC invocations=1 (full 0):
 PSYoungGen      total 29696K, used 3287K [0x00000000d5580000, 0x00000000d7680000, 0x0000000100000000)
  eden space 25600K, 0% used [0x00000000d5580000,0x00000000d5580000,0x00000000d6e80000)
  from space 4096K, 80% used [0x00000000d6e80000,0x00000000d71b5ea8,0x00000000d7280000)
  to   space 4096K, 0% used [0x00000000d7280000,0x00000000d7280000,0x00000000d7680000)
 ParOldGen       total 68608K, used 16K [0x0000000080000000, 0x0000000084300000, 0x00000000d5580000)
  object space 68608K, 0% used [0x0000000080000000,0x0000000080004000,0x0000000084300000)
 Metaspace       used 4336K, committed 4608K, reserved 1114112K
  class space    used 472K, committed 576K, reserved 1048576K
}

Dll operation events (8 events):
Event: 0.013 Loaded shared library c:\Users\ADMIN\.vscode\extensions\redhat.java-1.51.0-win32-x64\jre\21.0.9-win32-x86_64\bin\java.dll
Event: 0.114 Loaded shared library c:\Users\ADMIN\.vscode\extensions\redhat.java-1.51.0-win32-x64\jre\21.0.9-win32-x86_64\bin\zip.dll
Event: 0.156 Loaded shared library C:\Users\ADMIN\.vscode\extensions\redhat.java-1.51.0-win32-x64\jre\21.0.9-win32-x86_64\bin\instrument.dll
Event: 0.170 Loaded shared library C:\Users\ADMIN\.vscode\extensions\redhat.java-1.51.0-win32-x64\jre\21.0.9-win32-x86_64\bin\net.dll
Event: 0.180 Loaded shared library C:\Users\ADMIN\.vscode\extensions\redhat.java-1.51.0-win32-x64\jre\21.0.9-win32-x86_64\bin\nio.dll
Event: 0.188 Loaded shared library C:\Users\ADMIN\.vscode\extensions\redhat.java-1.51.0-win32-x64\jre\21.0.9-win32-x86_64\bin\zip.dll
Event: 0.220 Loaded shared library C:\Users\ADMIN\.vscode\extensions\redhat.java-1.51.0-win32-x64\jre\21.0.9-win32-x86_64\bin\jimage.dll
Event: 0.342 Loaded shared library c:\Users\ADMIN\.vscode\extensions\redhat.java-1.51.0-win32-x64\jre\21.0.9-win32-x86_64\bin\verify.dll

Deoptimization events (20 events):
Event: 0.939 Thread 0x00000247c2ebb080 Uncommon trap: trap_request=0xffffff45 fr.pc=0x00000247cdbee93c relative=0x000000000000027c
Event: 0.939 Thread 0x00000247c2ebb080 Uncommon trap: reason=unstable_if action=reinterpret pc=0x00000247cdbee93c method=java.util.HashMap.hash(Ljava/lang/Object;)I @ 1 c2
Event: 0.939 Thread 0x00000247c2ebb080 DEOPT PACKING pc=0x00000247cdbee93c sp=0x000000adf84fecb0
Event: 0.939 Thread 0x00000247c2ebb080 DEOPT UNPACKING pc=0x00000247cd643aa2 sp=0x000000adf84feb48 mode 2
Event: 0.942 Thread 0x00000247c2ebb080 Uncommon trap: trap_request=0xffffff45 fr.pc=0x00000247cdbf0940 relative=0x0000000000000280
Event: 0.942 Thread 0x00000247c2ebb080 Uncommon trap: reason=unstable_if action=reinterpret pc=0x00000247cdbf0940 method=java.util.HashMap.hash(Ljava/lang/Object;)I @ 1 c2
Event: 0.942 Thread 0x00000247c2ebb080 DEOPT PACKING pc=0x00000247cdbf0940 sp=0x000000adf84fec20
Event: 0.942 Thread 0x00000247c2ebb080 DEOPT UNPACKING pc=0x00000247cd643aa2 sp=0x000000adf84feb28 mode 2
Event: 0.943 Thread 0x00000247c2ebb080 Uncommon trap: trap_request=0xffffff45 fr.pc=0x00000247cdbeca50 relative=0x00000000000000b0
Event: 0.943 Thread 0x00000247c2ebb080 Uncommon trap: reason=unstable_if action=reinterpret pc=0x00000247cdbeca50 method=java.util.HashMap.hash(Ljava/lang/Object;)I @ 1 c2
Event: 0.943 Thread 0x00000247c2ebb080 DEOPT PACKING pc=0x00000247cdbeca50 sp=0x000000adf84fecd0
Event: 0.943 Thread 0x00000247c2ebb080 DEOPT UNPACKING pc=0x00000247cd643aa2 sp=0x000000adf84fec68 mode 2
Event: 0.943 Thread 0x00000247c2ebb080 Uncommon trap: trap_request=0xffffffde fr.pc=0x00000247cdbd2370 relative=0x0000000000000550
Event: 0.943 Thread 0x00000247c2ebb080 Uncommon trap: reason=class_check action=maybe_recompile pc=0x00000247cdbd2370 method=java.util.Collections$UnmodifiableCollection$1.<init>(Ljava/util/Collections$UnmodifiableCollection;)V @ 17 c2
Event: 0.943 Thread 0x00000247c2ebb080 DEOPT PACKING pc=0x00000247cdbd2370 sp=0x000000adf84fed00
Event: 0.943 Thread 0x00000247c2ebb080 DEOPT UNPACKING pc=0x00000247cd643aa2 sp=0x000000adf84fec48 mode 2
Event: 1.009 Thread 0x00000247c2ebb080 Uncommon trap: trap_request=0xffffff45 fr.pc=0x00000247cdbd4af8 relative=0x0000000000000198
Event: 1.009 Thread 0x00000247c2ebb080 Uncommon trap: reason=unstable_if action=reinterpret pc=0x00000247cdbd4af8 method=java.lang.invoke.VarHandle.checkAccessModeThenIsDirect(Ljava/lang/invoke/VarHandle$AccessDescriptor;)Z @ 4 c2
Event: 1.009 Thread 0x00000247c2ebb080 DEOPT PACKING pc=0x00000247cdbd4af8 sp=0x000000adf84fecb0
Event: 1.009 Thread 0x00000247c2ebb080 DEOPT UNPACKING pc=0x00000247cd643aa2 sp=0x000000adf84fec08 mode 2

Classes loaded (20 events):
Event: 1.043 Loading class java/util/AbstractQueue done
Event: 1.043 Loading class java/util/concurrent/SynchronousQueue done
Event: 1.043 Loading class java/util/concurrent/SynchronousQueue$Transferer
Event: 1.043 Loading class java/util/concurrent/LinkedTransferQueue
Event: 1.044 Loading class java/util/concurrent/TransferQueue
Event: 1.044 Loading class java/util/concurrent/TransferQueue done
Event: 1.044 Loading class java/util/concurrent/LinkedTransferQueue done
Event: 1.044 Loading class java/util/concurrent/SynchronousQueue$Transferer done
Event: 1.044 Loading class java/util/concurrent/LinkedTransferQueue$DualNode
Event: 1.044 Loading class java/util/concurrent/LinkedTransferQueue$DualNode done
Event: 1.045 Loading class java/util/concurrent/RejectedExecutionHandler
Event: 1.045 Loading class java/util/concurrent/RejectedExecutionHandler done
Event: 1.045 Loading class java/util/concurrent/LinkedBlockingQueue
Event: 1.046 Loading class java/util/concurrent/LinkedBlockingQueue done
Event: 1.046 Loading class java/util/concurrent/LinkedBlockingQueue$Node
Event: 1.046 Loading class java/util/concurrent/LinkedBlockingQueue$Node done
Event: 1.055 Loading class java/util/concurrent/Semaphore$NonfairSync
Event: 1.055 Loading class java/util/concurrent/Semaphore$Sync
Event: 1.055 Loading class java/util/concurrent/Semaphore$Sync done
Event: 1.055 Loading class java/util/concurrent/Semaphore$NonfairSync done

Classes unloaded (0 events):
No events

Classes redefined (0 events):
No events

Internal exceptions (20 events):
Event: 0.633 Thread 0x00000247c2ebb080 Exception <a 'java/io/FileNotFoundException'{0x00000000d64cda08}> (0x00000000d64cda08) 
thrown [s\src\hotspot\share\prims\jni.cpp, line 520]
Event: 0.633 Thread 0x00000247c2ebb080 Exception <a 'java/io/FileNotFoundException'{0x00000000d64ce680}> (0x00000000d64ce680) 
thrown [s\src\hotspot\share\prims\jni.cpp, line 520]
Event: 0.634 Thread 0x00000247c2ebb080 Exception <a 'java/io/FileNotFoundException'{0x00000000d64cf1c0}> (0x00000000d64cf1c0) 
thrown [s\src\hotspot\share\prims\jni.cpp, line 520]
Event: 0.637 Thread 0x00000247c2ebb080 Implicit null exception at 0x00000247cdbbe1a4 to 0x00000247cdbbe738
Event: 0.639 Thread 0x00000247c2ebb080 Exception <a 'java/io/FileNotFoundException'{0x00000000d6509350}> (0x00000000d6509350) 
thrown [s\src\hotspot\share\prims\jni.cpp, line 520]
Event: 0.652 Thread 0x00000247c2ebb080 Exception <a 'java/lang/NoSuchMethodError'{0x00000000d6545c98}: 'java.lang.Object java.lang.invoke.DirectMethodHandle$Holder.invokeInterface(java.lang.Object, java.lang.Object)'> (0x00000000d6545c98) 
thrown [s\src\hotspot\share\interpreter\linkResolver.cpp, line 773]
Event: 0.655 Thread 0x00000247c2ebb080 Exception <a 'java/lang/NoSuchMethodError'{0x00000000d6559708}: 'java.lang.Object java.lang.invoke.Invokers$Holder.invokeExact_MT(java.lang.Object, java.lang.Object, java.lang.Object, java.lang.Object, java.lang.Object, java.lang.Object)'> (0x00000000d6559708) 
thrown [s\src\hotspot\share\interpreter\linkResolver.cpp, line 773]
Event: 0.657 Thread 0x00000247c2ebb080 Exception <a 'java/lang/NoSuchMethodError'{0x00000000d65707e0}: 'int java.lang.invoke.DirectMethodHandle$Holder.invokeStatic(java.lang.Object, java.lang.Object, java.lang.Object, java.lang.Object, java.lang.Object)'> (0x00000000d65707e0) 
thrown [s\src\hotspot\share\interpreter\linkResolver.cpp, line 773]
Event: 0.679 Thread 0x00000247c2ebb080 Exception <a 'java/lang/NoSuchMethodError'{0x00000000d6606168}: 'java.lang.Object java.lang.invoke.DirectMethodHandle$Holder.invokeInterface(java.lang.Object, java.lang.Object, int)'> (0x00000000d6606168) 
thrown [s\src\hotspot\share\interpreter\linkResolver.cpp, line 773]
Event: 0.774 Thread 0x00000247c2ebb080 Exception <a 'java/lang/NoSuchMethodError'{0x00000000d6a6f758}: 'java.lang.ClassLoader java.lang.ClassLoader.getPlatformClassLoader(java.lang.Class)'> (0x00000000d6a6f758) 
thrown [s\src\hotspot\share\interpreter\linkResolver.cpp, line 773]
Event: 0.856 Thread 0x00000247c2ebb080 Exception <a 'java/lang/ClassNotFoundException'{0x00000000d558dd28}: sun/net/www/protocol/c/Handler> (0x00000000d558dd28) 
thrown [s\src\hotspot\share\classfile\systemDictionary.cpp, line 312]
Event: 0.856 Thread 0x00000247c2ebb080 Exception <a 'java/lang/ClassNotFoundException'{0x00000000d558f0b8}: sun/net/www/protocol/c/Handler> (0x00000000d558f0b8) 
thrown [s\src\hotspot\share\classfile\systemDictionary.cpp, line 312]
Event: 0.857 Thread 0x00000247c2ebb080 Exception <a 'java/lang/ClassNotFoundException'{0x00000000d5590278}: sun/net/www/protocol/c/Handler> (0x00000000d5590278) 
thrown [s\src\hotspot\share\classfile\systemDictionary.cpp, line 312]
Event: 0.871 Thread 0x00000247c2ebb080 Exception <a 'java/io/FileNotFoundException'{0x00000000d55b85e8}> (0x00000000d55b85e8) 
thrown [s\src\hotspot\share\prims\jni.cpp, line 520]
Event: 0.938 Thread 0x00000247c2ebb080 Implicit null exception at 0x00000247cdbea029 to 0x00000247cdbea89c
Event: 0.939 Thread 0x00000247c2ebb080 Implicit null exception at 0x00000247cdbee71a to 0x00000247cdbee924
Event: 0.940 Thread 0x00000247c2ebb080 Exception <a 'java/lang/NoSuchMethodError'{0x00000000d56e9268}: 'void java.lang.invoke.DirectMethodHandle$Holder.invokeStatic(java.lang.Object, java.lang.Object, java.lang.Object, java.lang.Object)'> (0x00000000d56e9268) 
thrown [s\src\hotspot\share\interpreter\linkResolver.cpp, line 773]
Event: 0.942 Thread 0x00000247c2ebb080 Implicit null exception at 0x00000247cdbf071a to 0x00000247cdbf0928
Event: 0.943 Thread 0x00000247c2ebb080 Implicit null exception at 0x00000247cdbec9bd to 0x00000247cdbeca41
Event: 1.019 Thread 0x00000247c2ebb080 Exception <a 'java/lang/NoSuchMethodError'{0x00000000d59ab0a8}: 'void java.lang.invoke.DirectMethodHandle$Holder.invokeSpecial(java.lang.Object, java.lang.Object, java.lang.Object)'> (0x00000000d59ab0a8) 
thrown [s\src\hotspot\share\interpreter\linkResolver.cpp, line 773]

ZGC Phase Switch (0 events):
No events

VM Operations (15 events):
Event: 0.110 Executing VM operation: HandshakeAllThreads (Deoptimize)
Event: 0.110 Executing VM operation: HandshakeAllThreads (Deoptimize) done
Event: 0.237 Executing VM operation: HandshakeAllThreads (Deoptimize)
Event: 0.237 Executing VM operation: HandshakeAllThreads (Deoptimize) done
Event: 0.576 Executing VM operation: HandshakeAllThreads (Deoptimize)
Event: 0.576 Executing VM operation: HandshakeAllThreads (Deoptimize) done
Event: 0.593 Executing VM operation: HandshakeAllThreads (Deoptimize)
Event: 0.593 Executing VM operation: HandshakeAllThreads (Deoptimize) done
Event: 0.808 Executing VM operation: ICBufferFull
Event: 0.808 Executing VM operation: ICBufferFull done
Event: 0.822 Executing VM operation: HandshakeAllThreads (Deoptimize)
Event: 0.822 Executing VM operation: HandshakeAllThreads (Deoptimize) done
Event: 0.844 Executing VM operation: ParallelGCFailedAllocation (Allocation Failure)
Event: 0.853 Executing VM operation: ParallelGCFailedAllocation (Allocation Failure) done
Event: 1.863 Executing VM operation: Cleanup

Memory protections (0 events):
No events

Nmethod flushes (0 events):
No events

Events (15 events):
Event: 0.032 Thread 0x00000247c2ebb080 Thread added: 0x00000247c2ebb080
Event: 0.057 Thread 0x00000247c2ebb080 Thread added: 0x000002481c8704a0
Event: 0.058 Thread 0x00000247c2ebb080 Thread added: 0x000002481c872940
Event: 0.058 Thread 0x00000247c2ebb080 Thread added: 0x000002481c875d60
Event: 0.058 Thread 0x00000247c2ebb080 Thread added: 0x000002481c878a20
Event: 0.058 Thread 0x00000247c2ebb080 Thread added: 0x000002481c87cdd0
Event: 0.058 Thread 0x00000247c2ebb080 Thread added: 0x000002481c882380
Event: 0.058 Thread 0x00000247c2ebb080 Thread added: 0x000002481c8b40c0
Event: 0.059 Thread 0x00000247c2ebb080 Thread added: 0x000002481c8b4f00
Event: 0.159 Thread 0x00000247c2ebb080 Thread added: 0x000002481caed4b0
Event: 0.331 Thread 0x000002481c8b4f00 Thread added: 0x000002481cb1f310
Event: 0.445 Thread 0x00000247c2ebb080 Thread added: 0x000002482106ff20
Event: 0.527 Thread 0x000002481c8b4f00 Thread added: 0x000002482102e0e0
Event: 0.998 Thread 0x000002482102e0e0 Thread exited: 0x000002482102e0e0
Event: 1.065 Thread 0x000002481c8b4f00 Thread added: 0x00000248214c2fd0


Dynamic libraries:
0x00007ff783f00000 - 0x00007ff783f0e000 	c:\Users\ADMIN\.vscode\extensions\redhat.java-1.51.0-win32-x64\jre\21.0.9-win32-x86_64\bin\java.exe
0x00007ffb4a6c0000 - 0x00007ffb4a927000 	C:\WINDOWS\SYSTEM32\ntdll.dll
0x00007ffb487c0000 - 0x00007ffb48889000 	C:\WINDOWS\System32\KERNEL32.DLL
0x00007ffb47bc0000 - 0x00007ffb47faf000 	C:\WINDOWS\System32\KERNELBASE.dll
0x00007ffb481a0000 - 0x00007ffb482eb000 	C:\WINDOWS\System32\ucrtbase.dll
0x00007ffb2ab10000 - 0x00007ffb2ab28000 	c:\Users\ADMIN\.vscode\extensions\redhat.java-1.51.0-win32-x64\jre\21.0.9-win32-x86_64\bin\jli.dll
0x00007ffb2ac30000 - 0x00007ffb2ac4e000 	c:\Users\ADMIN\.vscode\extensions\redhat.java-1.51.0-win32-x64\jre\21.0.9-win32-x86_64\bin\VCRUNTIME140.dll
0x00007ffb49c10000 - 0x00007ffb49dd5000 	C:\WINDOWS\System32\USER32.dll
0x00007ffb3b010000 - 0x00007ffb3b2a3000 	C:\WINDOWS\WinSxS\amd64_microsoft.windows.common-controls_6595b64144ccf1df_6.0.26100.7309_none_3e05feeae336a044\COMCTL32.dll
0x00007ffb47810000 - 0x00007ffb47837000 	C:\WINDOWS\System32\win32u.dll
0x00007ffb48530000 - 0x00007ffb485d9000 	C:\WINDOWS\System32\msvcrt.dll
0x00007ffb48a00000 - 0x00007ffb48a2b000 	C:\WINDOWS\System32\GDI32.dll
0x00007ffb48070000 - 0x00007ffb4819c000 	C:\WINDOWS\System32\gdi32full.dll
0x00007ffb483b0000 - 0x00007ffb48453000 	C:\WINDOWS\System32\msvcp_win.dll
0x00007ffb49110000 - 0x00007ffb49141000 	C:\WINDOWS\System32\IMM32.DLL
0x00007ffb3fdf0000 - 0x00007ffb3fdfc000 	c:\Users\ADMIN\.vscode\extensions\redhat.java-1.51.0-win32-x64\jre\21.0.9-win32-x86_64\bin\vcruntime140_1.dll
0x00007ffb12b20000 - 0x00007ffb12bad000 	c:\Users\ADMIN\.vscode\extensions\redhat.java-1.51.0-win32-x64\jre\21.0.9-win32-x86_64\bin\msvcp140.dll
0x00007ffafd070000 - 0x00007ffafde10000 	c:\Users\ADMIN\.vscode\extensions\redhat.java-1.51.0-win32-x64\jre\21.0.9-win32-x86_64\bin\server\jvm.dll
0x00007ffb48940000 - 0x00007ffb489f4000 	C:\WINDOWS\System32\ADVAPI32.dll
0x00007ffb48890000 - 0x00007ffb48936000 	C:\WINDOWS\System32\sechost.dll
0x00007ffb48ff0000 - 0x00007ffb49108000 	C:\WINDOWS\System32\RPCRT4.dll
0x00007ffb484b0000 - 0x00007ffb48524000 	C:\WINDOWS\System32\WS2_32.dll
0x00007ffb47670000 - 0x00007ffb476ce000 	C:\WINDOWS\SYSTEM32\POWRPROF.dll
0x00007ffb3b2c0000 - 0x00007ffb3b2f5000 	C:\WINDOWS\SYSTEM32\WINMM.dll
0x00007ffb3f570000 - 0x00007ffb3f57b000 	C:\WINDOWS\SYSTEM32\VERSION.dll
0x00007ffb475a0000 - 0x00007ffb475b4000 	C:\WINDOWS\SYSTEM32\UMPDC.dll
0x00007ffb46580000 - 0x00007ffb4659b000 	C:\WINDOWS\SYSTEM32\kernel.appcore.dll
0x00007ffb2b640000 - 0x00007ffb2b64a000 	c:\Users\ADMIN\.vscode\extensions\redhat.java-1.51.0-win32-x64\jre\21.0.9-win32-x86_64\bin\jimage.dll
0x00007ffb3e620000 - 0x00007ffb3e862000 	C:\WINDOWS\SYSTEM32\DBGHELP.DLL
0x00007ffb48b80000 - 0x00007ffb48f05000 	C:\WINDOWS\System32\combase.dll
0x00007ffb48f10000 - 0x00007ffb48fe6000 	C:\WINDOWS\System32\OLEAUT32.dll
0x00007ffb1e980000 - 0x00007ffb1e9bc000 	C:\WINDOWS\SYSTEM32\dbgcore.DLL
0x00007ffb47fc0000 - 0x00007ffb48065000 	C:\WINDOWS\System32\bcryptPrimitives.dll
0x00007ffb2aea0000 - 0x00007ffb2aeaf000 	c:\Users\ADMIN\.vscode\extensions\redhat.java-1.51.0-win32-x64\jre\21.0.9-win32-x86_64\bin\instrument.dll
0x00007ffb27bd0000 - 0x00007ffb27bf0000 	c:\Users\ADMIN\.vscode\extensions\redhat.java-1.51.0-win32-x64\jre\21.0.9-win32-x86_64\bin\java.dll
0x00007ffb49310000 - 0x00007ffb49a63000 	C:\WINDOWS\System32\SHELL32.dll
0x00007ffb47840000 - 0x00007ffb479aa000 	C:\WINDOWS\System32\wintypes.dll
0x00007ffb453d0000 - 0x00007ffb45c2e000 	C:\WINDOWS\SYSTEM32\windows.storage.dll
0x00007ffb4a580000 - 0x00007ffb4a675000 	C:\WINDOWS\System32\SHCORE.dll
0x00007ffb48750000 - 0x00007ffb487b6000 	C:\WINDOWS\System32\shlwapi.dll
0x00007ffb47730000 - 0x00007ffb47759000 	C:\WINDOWS\SYSTEM32\profapi.dll
0x00007ffb28880000 - 0x00007ffb28898000 	c:\Users\ADMIN\.vscode\extensions\redhat.java-1.51.0-win32-x64\jre\21.0.9-win32-x86_64\bin\zip.dll
0x00007ffb2aab0000 - 0x00007ffb2aac0000 	C:\Users\ADMIN\.vscode\extensions\redhat.java-1.51.0-win32-x64\jre\21.0.9-win32-x86_64\bin\net.dll
0x00007ffb402e0000 - 0x00007ffb40408000 	C:\WINDOWS\SYSTEM32\WINHTTP.dll
0x00007ffb46ad0000 - 0x00007ffb46b3b000 	C:\WINDOWS\system32\mswsock.dll
0x00007ffb27110000 - 0x00007ffb27126000 	C:\Users\ADMIN\.vscode\extensions\redhat.java-1.51.0-win32-x64\jre\21.0.9-win32-x86_64\bin\nio.dll
0x00007ffb297e0000 - 0x00007ffb297f0000 	c:\Users\ADMIN\.vscode\extensions\redhat.java-1.51.0-win32-x64\jre\21.0.9-win32-x86_64\bin\verify.dll

JVMTI agents:
c:\Users\ADMIN\.vscode\extensions\redhat.java-1.51.0-win32-x64\lombok\lombok-1.18.39-4050.jar path:c:\Users\ADMIN\.vscode\extensions\redhat.java-1.51.0-win32-x64\jre\21.0.9-win32-x86_64\bin\instrument.dll, loaded, initialized, instrumentlib options:none

dbghelp: loaded successfully - version: 4.0.5 - missing functions: none
symbol engine: initialized successfully - sym options: 0x614 - pdb path: .;c:\Users\ADMIN\.vscode\extensions\redhat.java-1.51.0-win32-x64\jre\21.0.9-win32-x86_64\bin;C:\WINDOWS\SYSTEM32;C:\WINDOWS\WinSxS\amd64_microsoft.windows.common-controls_6595b64144ccf1df_6.0.26100.7309_none_3e05feeae336a044;c:\Users\ADMIN\.vscode\extensions\redhat.java-1.51.0-win32-x64\jre\21.0.9-win32-x86_64\bin\server

VM Arguments:
jvm_args: --add-modules=ALL-SYSTEM --add-opens=java.base/java.util=ALL-UNNAMED --add-opens=java.base/java.lang=ALL-UNNAMED --add-opens=java.base/sun.nio.fs=ALL-UNNAMED -Declipse.application=org.eclipse.jdt.ls.core.id1 -Dosgi.bundles.defaultStartLevel=4 -Declipse.product=org.eclipse.jdt.ls.core.product -Djava.import.generatesMetadataFilesAtProjectRoot=false -DDetectVMInstallationsJob.disabled=true -Dfile.encoding=utf8 -XX:+UseParallelGC -XX:GCTimeRatio=4 -XX:AdaptiveSizePolicyWeight=90 -Dsun.zip.disableMemoryMapping=true -Xmx2G -Xms100m -Xlog:disable -javaagent:c:\Users\ADMIN\.vscode\extensions\redhat.java-1.51.0-win32-x64\lombok\lombok-1.18.39-4050.jar 
java_command: c:\Users\ADMIN\.vscode\extensions\redhat.java-1.51.0-win32-x64\server\plugins\org.eclipse.equinox.launcher_1.7.100.v20251111-0406.jar -configuration c:\Users\ADMIN\AppData\Roaming\Code\User\globalStorage\redhat.java\1.51.0\config_ss_win -data c:\Users\ADMIN\AppData\Roaming\Code\User\workspaceStorage\2b70bb008f7c289c649cb4dc9f856410\redhat.java\ss_ws --pipe=\\.\pipe\lsp-297ca7b2153138c0ccdf34515461dba2-sock
java_class_path (initial): c:\Users\ADMIN\.vscode\extensions\redhat.java-1.51.0-win32-x64\server\plugins\org.eclipse.equinox.launcher_1.7.100.v20251111-0406.jar
Launcher Type: SUN_STANDARD

[Global flags]
    uintx AdaptiveSizePolicyWeight                 = 90                                        {product} {command line}
     intx CICompilerCount                          = 4                                         {product} {ergonomic}
    uintx GCTimeRatio                              = 4                                         {product} {command line}
   size_t InitialHeapSize                          = 104857600                                 {product} {command line}
   size_t MaxHeapSize                              = 2147483648                                {product} {command line}
   size_t MaxNewSize                               = 715653120                                 {product} {ergonomic}
   size_t MinHeapDeltaBytes                        = 524288                                    {product} {ergonomic}
   size_t MinHeapSize                              = 104857600                                 {product} {command line}
   size_t NewSize                                  = 34603008                                  {product} {ergonomic}
    uintx NonNMethodCodeHeapSize                   = 5839372                                {pd product} {ergonomic}
    uintx NonProfiledCodeHeapSize                  = 122909434                              {pd product} {ergonomic}
   size_t OldSize                                  = 70254592                                  {product} {ergonomic}
    uintx ProfiledCodeHeapSize                     = 122909434                              {pd product} {ergonomic}
    uintx ReservedCodeCacheSize                    = 251658240                              {pd product} {ergonomic}
     bool SegmentedCodeCache                       = true                                      {product} {ergonomic}
   size_t SoftMaxHeapSize                          = 2147483648                             {manageable} {ergonomic}
     bool UseCompressedOops                        = true                           {product lp64_product} {ergonomic}
     bool UseLargePagesIndividualAllocation        = false                                  {pd product} {ergonomic}
     bool UseParallelGC                            = true                                      {product} {command line}

Logging:
Log output configuration:
 #0: stdout all=off uptime,level,tags foldmultilines=false
 #1: stderr all=off uptime,level,tags foldmultilines=false

Release file:
JAVA_VERSION="21.0.9" 
MODULES="java.base java.compiler java.datatransfer java.xml java.prefs java.desktop java.instrument java.logging java.management java.security.sasl java.naming java.rmi java.management.rmi java.net.http java.scripting java.security.jgss java.transaction.xa java.sql java.sql.rowset java.xml.crypto java.se java.smartcardio jdk.accessibility jdk.internal.jvmstat jdk.attach jdk.charsets jdk.internal.opt jdk.zipfs jdk.compiler jdk.crypto.ec jdk.crypto.cryptoki jdk.crypto.mscapi jdk.dynalink jdk.internal.ed jdk.editpad jdk.hotspot.agent jdk.httpserver jdk.internal.le jdk.internal.vm.ci jdk.internal.vm.compiler jdk.internal.vm.compiler.management jdk.jartool jdk.javadoc jdk.jcmd jdk.management jdk.management.agent jdk.jconsole jdk.jdeps jdk.jdwp.agent jdk.jdi jdk.jfr jdk.jshell jdk.jsobject jdk.jstatd jdk.localedata jdk.management.jfr jdk.naming.dns jdk.naming.rmi jdk.net jdk.nio.mapmode jdk.random jdk.sctp jdk.security.auth jdk.security.jgss jdk.unsupported jdk.unsupported.desktop jdk.xml.dom" 

Environment Variables:
JAVA_HOME=C:\Program Files\Java\jdk-21
PATH=C:\Program Files\Common Files\Oracle\Java\javapath;E:\Oracle_data\bin;C:\WINDOWS\system32;C:\WINDOWS;C:\WINDOWS\System32\Wbem;C:\WINDOWS\System32\WindowsPowerShell\v1.0\;C:\WINDOWS\System32\OpenSSH\;C:\Program Files\dotnet\;C:\Program Files\Git\cmd;C:\Program Files\nodejs\;C:\Users\ADMIN\AppData\Local\Programs\Python\Python313\Scripts\;C:\Users\ADMIN\AppData\Local\Programs\Python\Python313\;C:\Users\ADMIN\AppData\Local\Programs\Python\Launcher\;C:\Users\ADMIN\AppData\Local\Microsoft\WindowsApps;C:\Users\ADMIN\AppData\Roaming\npm;E:\maven-mvnd-1.0.2-windows-amd64\mvn\bin;E:\Tesseract;C:\Users\ADMIN\AppData\Local\Programs\Microsoft VS Code\bin
USERNAME=ADMIN
OS=Windows_NT
PROCESSOR_IDENTIFIER=AMD64 Family 23 Model 104 Stepping 1, AuthenticAMD
TMP=C:\Users\ADMIN\AppData\Local\Temp
TEMP=C:\Users\ADMIN\AppData\Local\Temp




Periodic native trim disabled

---------------  S Y S T E M  ---------------

OS:
 Windows 11 , 64 bit Build 26100 (10.0.26100.7309)
OS uptime: 16 days 2:15 hours
Hyper-V role detected

CPU: total 12 (initial active 12) (12 cores per cpu, 2 threads per core) family 23 model 104 stepping 1 microcode 0x8608109, cx8, cmov, fxsr, ht, mmx, 3dnowpref, sse, sse2, sse3, ssse3, sse4a, sse4.1, sse4.2, popcnt, lzcnt, tsc, tscinvbit, avx, avx2, aes, clmul, bmi1, bmi2, adx, sha, fma, vzeroupper, clflush, clflushopt, hv, rdtscp, rdpid, f16c
Processor Information for the first 12 processors :
  Max Mhz: 2100, Current Mhz: 2100, Mhz Limit: 2100

Memory: 4k page, system-wide physical 15720M (1534M free)
TotalPageFile size 39392M (AvailPageFile size 17M)
current process WorkingSet (physical memory assigned to process): 89M, peak: 89M
current process commit charge ("private bytes"): 247M, peak: 247M

vm_info: OpenJDK 64-Bit Server VM (21.0.9+10-LTS) for windows-amd64 JRE (21.0.9+10-LTS), built on 2025-10-21T00:00:00Z by "admin" with unknown MS VC++:1942

END.
